<?xml version="1.0" encoding="UTF-8"?>
<!-- Generated by org.testng.reporters.JUnitXMLReporter -->
<testsuite ignored="2" hostname="DESKTOP-PMUR4M5" failures="1" tests="2" name="Package Test" time="20.212" errors="0" timestamp="2023-08-26T20:51:14 IST">
  <testcase classname="MyTests.CountHyperlink" name="countHyperLinks" time="20.069"/>
  <testcase classname="MyTests.LinkedInImagePost" name="imagePost" time="0.002">
    <failure type="java.lang.NullPointerException">
      <![CDATA[java.lang.NullPointerException
at MyTests.LinkedInImagePost.imagePost(LinkedInImagePost.java:18)
at java.base/java.util.ArrayList.forEach(ArrayList.java:1541)
at com.sun.proxy.$Proxy2.stop(Unknown Source)
... Removed 44 stack frames]]>
    </failure>
  </testcase> <!-- imagePost -->
  <testcase classname="Base.BaseTest" name="@AfterSuite tearDown" time="0.0">
    <ignored/>
  </testcase> <!-- @AfterSuite tearDown -->
  <testcase classname="Base.BaseTest" name="@BeforeSuite setup" time="0.0">
    <ignored/>
  </testcase> <!-- @BeforeSuite setup -->
</testsuite> <!-- Package Test -->
